E:\Coding\Projects\ListFilesFolders\Debug\ListFilesFolders.pdb
E:\Coding\Projects\ListFilesFolders\ListFilesFolders\Debug\cl.command.1.tlog
E:\Coding\Projects\ListFilesFolders\ListFilesFolders\Debug\CL.read.1.tlog
E:\Coding\Projects\ListFilesFolders\ListFilesFolders\Debug\CL.write.1.tlog
E:\Coding\Projects\ListFilesFolders\ListFilesFolders\Debug\link.6212.read.1.tlog
E:\Coding\Projects\ListFilesFolders\ListFilesFolders\Debug\link.6212.write.1.tlog
E:\Coding\Projects\ListFilesFolders\ListFilesFolders\Debug\link.6212-cvtres.read.1.tlog
E:\Coding\Projects\ListFilesFolders\ListFilesFolders\Debug\link.6212-cvtres.write.1.tlog
E:\Coding\Projects\ListFilesFolders\ListFilesFolders\Debug\link.7000.read.1.tlog
E:\Coding\Projects\ListFilesFolders\ListFilesFolders\Debug\link.7000.write.1.tlog
E:\Coding\Projects\ListFilesFolders\ListFilesFolders\Debug\link.7000-cvtres.read.1.tlog
E:\Coding\Projects\ListFilesFolders\ListFilesFolders\Debug\link.7000-cvtres.write.1.tlog
E:\Coding\Projects\ListFilesFolders\ListFilesFolders\Debug\link.command.1.tlog
E:\Coding\Projects\ListFilesFolders\ListFilesFolders\Debug\link.read.1.tlog
E:\Coding\Projects\ListFilesFolders\ListFilesFolders\Debug\link.write.1.tlog
E:\Coding\Projects\ListFilesFolders\ListFilesFolders\Debug\link-cvtres.read.1.tlog
E:\Coding\Projects\ListFilesFolders\ListFilesFolders\Debug\link-cvtres.write.1.tlog
E:\CODING\PROJECTS\LISTFILESFOLDERS\LISTFILESFOLDERS\DEBUG\LISTFILESFOLDERS.EXE.EMBED.MANIFEST
E:\CODING\PROJECTS\LISTFILESFOLDERS\LISTFILESFOLDERS\DEBUG\LISTFILESFOLDERS.EXE.EMBED.MANIFEST.RES
E:\Coding\Projects\ListFilesFolders\ListFilesFolders\Debug\ListFilesFolders.exe.intermediate.manifest
E:\CODING\PROJECTS\LISTFILESFOLDERS\LISTFILESFOLDERS\DEBUG\LISTFILESFOLDERS.RES
E:\Coding\Projects\ListFilesFolders\ListFilesFolders\Debug\ListFilesFolders.vcxprojResolveAssemblyReference.cache
E:\Coding\Projects\ListFilesFolders\ListFilesFolders\Debug\ListFilesFolders.write.1.tlog
E:\Coding\Projects\ListFilesFolders\ListFilesFolders\Debug\ListFilesFolders_manifest.rc
E:\CODING\PROJECTS\LISTFILESFOLDERS\LISTFILESFOLDERS\DEBUG\LISTFILESFOLDERSAPP.OBJ
E:\CODING\PROJECTS\LISTFILESFOLDERS\LISTFILESFOLDERS\DEBUG\LISTFILESFOLDERSWINDOWS.OBJ
E:\Coding\Projects\ListFilesFolders\ListFilesFolders\Debug\mt.command.1.tlog
E:\Coding\Projects\ListFilesFolders\ListFilesFolders\Debug\mt.read.1.tlog
E:\Coding\Projects\ListFilesFolders\ListFilesFolders\Debug\mt.write.1.tlog
E:\Coding\Projects\ListFilesFolders\ListFilesFolders\Debug\rc.command.1.tlog
E:\Coding\Projects\ListFilesFolders\ListFilesFolders\Debug\rc.read.1.tlog
E:\Coding\Projects\ListFilesFolders\ListFilesFolders\Debug\rc.write.1.tlog
E:\CODING\PROJECTS\LISTFILESFOLDERS\LISTFILESFOLDERS\DEBUG\SEARCHCRITERIA.OBJ
E:\Coding\Projects\ListFilesFolders\ListFilesFolders\Debug\vc100.idb
E:\CODING\PROJECTS\LISTFILESFOLDERS\LISTFILESFOLDERS\DEBUG\VC100.PDB
