Build started 21-Feb-15 11:10:48 PM.
     1>Project "E:\Coding\Projects\ListFilesFolders\ListFilesFolders\ListFilesFolders.vcxproj" on node 2 (build target(s)).
     1>InitializeBuildStatus:
         Creating "Debug\ListFilesFolders.unsuccessfulbuild" because "AlwaysCreate" was specified.
       ClCompile:
         All outputs are up-to-date.
       ResourceCompile:
         All outputs are up-to-date.
       ManifestResourceCompile:
         All outputs are up-to-date.
       Link:
         All outputs are up-to-date.
       Manifest:
         All outputs are up-to-date.
       FinalizeBuildStatus:
         Deleting file "Debug\ListFilesFolders.unsuccessfulbuild".
         Touching "Debug\ListFilesFolders.lastbuildstate".
     1>Done Building Project "E:\Coding\Projects\ListFilesFolders\ListFilesFolders\ListFilesFolders.vcxproj" (build target(s)).

Build succeeded.

Time Elapsed 00:00:00.21
